POST Data: Array
(
)

Error: No POST data received
POST Data: Array
(
)

Error: No POST data received
POST Data: Array
(
)

POST Data: Array
(
)

Error: No POST data received
Error: No POST data received
POST Data: Array
(
)

Error: No POST data received
POST Data: Array
(
)

Error: No POST data received
Error: No POST data received
POST Data: Array
(
)

Error: No POST data received
POST Data: Array
(
)

Error: No POST data received
POST Data: Array
(
)

Error: No POST data received
POST Data: Array
(
)

Error: No POST data received
POST Data: Array
(
)

Error: No POST data received
POST Data: Array
(
)

Error: No POST data received
POST Data: Array
(
)

Error: No POST data received
POST Data: Array
(
)

Error: No POST data received
GET Data: Array
(
    [username] => fian
)

Success: Device ID found for username=fian
GET Data: Array
(
    [username] => 
)

Error: Username is required
GET Data: Array
(
    [username] => 
)

Error: Username is required
GET Data: Array
(
    [username] => 
)

GET Data: Array
(
    [username] => 
)

Error: Username is required
Error: Username is required
GET Data: Array
(
    [username] => 
)

Error: Username is required
GET Data: Array
(
    [username] => 
)

Error: Username is required
GET Data: Array
(
    [username] => 
)

Error: Username is required
GET Data: Array
(
    [username] => 
)

Error: Username is required
GET Data: Array
(
    [device_id] => AE3A240806-019
    [level] => 1
)

Completed quizzes for device_id=AE3A240806-019, level=1: Array
(
)

GET Data: Array
(
    [device_id] => AE3A240806-019
    [level] => 1
)

Completed quizzes for device_id=AE3A240806-019, level=1: Array
(
)

GET Data: Array
(
    [device_id] => AE3A240806-019
    [level] => 1
)

Completed quizzes for device_id=AE3A240806-019, level=1: Array
(
)

GET Data: Array
(
    [device_id] => AE3A240806-019
    [level] => 1
)

Completed quizzes for device_id=AE3A240806-019, level=1: Array
(
)

GET Data: Array
(
    [device_id] => AE3A240806-019
    [level] => 1
)

Completed quizzes for device_id=AE3A240806-019, level=1: Array
(
)

GET Data: Array
(
    [username] => 
)

Error: Username is required
GET Data: Array
(
    [username] => 
)

Error: Username is required
GET Data: Array
(
    [username] => 
)

GET Data: Array
(
    [username] => 
)

Error: Username is required
Error: Username is required
GET Data: Array
(
    [device_id] => AE3A240806-019
    [level] => 1
)

Completed quizzes for device_id=AE3A240806-019, level=1: Array
(
)

GET Data: Array
(
    [device_id] => AE3A240806-019
    [level] => 1
)

Completed quizzes for device_id=AE3A240806-019, level=1: Array
(
)

GET Data: Array
(
    [device_id] => AE3A240806-019
    [level] => 1
)

Completed quizzes for device_id=AE3A240806-019, level=1: Array
(
)

GET Data: Array
(
    [device_id] => AE3A.240806.019
    [level] => 1
)

Completed quizzes for device_id=AE3A.240806.019, level=1: Array
(
    [0] => 2
    [1] => 3
)

GET Data: Array
(
    [device_id] => AE3A.240806.019
    [level] => 1
)

Completed quizzes for device_id=AE3A.240806.019, level=1: Array
(
    [0] => 1
    [1] => 2
    [2] => 3
)

GET Data: Array
(
    [username] => 
)

Error: Username is required
GET Data: Array
(
    [username] => 
)

Error: Username is required
GET Data: Array
(
    [username] => 
)

GET Data: Array
(
    [username] => 
)

Error: Username is required
Error: Username is required
GET Data: Array
(
    [device_id] => AE3A.240806.019
)

Level completion status for device_id=AE3A.240806.019: Array
(
    [level1_completed] => 1
    [level2_completed] => 0
    [level3_completed] => 0
    [level4_completed] => 0
)

GET Data: Array
(
    [device_id] => AE3A.240806.019
    [quiz_id] => 1
)

Level completion status for device_id=AE3A.240806.019: Array
(
    [level1_completed] => 1
    [level2_completed] => 0
    [level3_completed] => 0
    [level4_completed] => 0
)

GET Data: Array
(
    [username] => 
)

Error: Username is required
GET Data: Array
(
    [username] => 
)

GET Data: Array
(
    [username] => 
)

GET Data: Array
(
    [username] => 
)

Error: Username is required
Error: Username is required
Raw POST Data: 
POST Data: Array
(
    [username] => fian
    [device_id] => AE3A.240806.019
    [level] => 1
    [quiz_ids] => 1,2,3
)

Received: username=fian, device_id=AE3A.240806.019, level=1, quiz_ids=1,2,3
Check result: count=0
Success: Achievement inserted
GET Data: Array
(
    [device_id] => AE3A.240806.019
    [quiz_id] => 1
)

Error: User not found for device_id=AE3A.240806.019
GET Data: Array
(
    [device_id] => AE3A.240806.019
    [quiz_id] => 1
)

Level completion status for device_id=AE3A.240806.019: Array
(
    [level1_completed] => 0
    [level2_completed] => 0
    [level3_completed] => 0
    [level4_completed] => 0
)

GET Data: Array
(
    [device_id] => AE3A.240806.019
    [quiz_id] => 1
)

Level completion status for device_id=AE3A.240806.019: Array
(
    [level1_completed] => 0
    [level2_completed] => 0
    [level3_completed] => 0
    [level4_completed] => 0
)

GET Data: Array
(
    [device_id] => AE3A.240806.019
    [quiz_id] => 2
)

Level completion status for device_id=AE3A.240806.019: Array
(
    [level1_completed] => 0
    [level2_completed] => 0
    [level3_completed] => 0
    [level4_completed] => 0
)

GET Data: Array
(
    [device_id] => AE3A.240806.019
    [quiz_id] => 2
)

Level completion status for device_id=AE3A.240806.019: Array
(
    [level1_completed] => 0
    [level2_completed] => 0
    [level3_completed] => 0
    [level4_completed] => 0
)

GET Data: Array
(
    [device_id] => AE3A.240806.019
    [quiz_id] => 3
)

Level completion status for device_id=AE3A.240806.019: Array
(
    [level1_completed] => 0
    [level2_completed] => 0
    [level3_completed] => 0
    [level4_completed] => 0
)

GET Data: Array
(
    [device_id] => AE3A.240806.019
    [quiz_id] => 3
)

Level completion status for device_id=AE3A.240806.019: Array
(
    [level1_completed] => 0
    [level2_completed] => 0
    [level3_completed] => 0
    [level4_completed] => 0
)

GET Data: Array
(
    [username] => 
)

Error: Username is required
GET Data: Array
(
    [username] => 
)

Error: Username is required
GET Data: Array
(
    [username] => 
)

GET Data: Array
(
    [username] => 
)

Error: Username is required
Error: Username is required
GET Data: Array
(
    [username] => 
)

GET Data: Array
(
    [username] => 
)

Error: Username is required
Error: Username is required
GET Data: Array
(
    [username] => 
)

Error: Username is required
Error: Username is required
GET Data: Array
(
    [username] => fian
    [level] => 1
)

Achievement claimed check for username=fian, level=1: count=0
GET Data: Array
(
    [device_id] => AE3A.240806.019
)

Level completion status for device_id=AE3A.240806.019: Array
(
    [level1_completed] => 1
    [level2_completed] => 0
    [level3_completed] => 0
    [level4_completed] => 0
)

GET Data: Array
(
    [device_id] => AE3A.240806.019
    [level] => 1
)

Completed quizzes for device_id=AE3A.240806.019, level=1: Array
(
    [0] => 1
    [1] => 2
    [2] => 3
)

GET Data: Array
(
    [username] => fian
)

Success: Device ID found for username=fian
GET Data: Array
(
    [device_id] => AE3A.240806.019
)

Level completion status for device_id=AE3A.240806.019: Array
(
    [level1_completed] => 1
    [level2_completed] => 0
    [level3_completed] => 0
    [level4_completed] => 0
)

GET Data: Array
(
    [username] => fian
)

Success: Device ID found for username=fian
GET Data: Array
(
    [username] => fian
)

GET Data: Array
(
    [username] => fian
)

Success: Device ID found for username=fian
Success: Device ID found for username=fian
GET Data: Array
(
    [username] => fian
)

GET Data: Array
(
    [username] => fian
)

Success: Device ID found for username=fian
Success: Device ID found for username=fian
GET Data: Array
(
    [username] => fian
)

Success: Device ID found for username=fian
GET Data: Array
(
    [username] => fian
)

GET Data: Array
(
    [username] => fian
)

Success: Device ID found for username=fian
Success: Device ID found for username=fian
GET Data: Array
(
    [device_id] => AE3A.240806.019
    [level] => 3
)

Completed quizzes for device_id=AE3A.240806.019, level=3: Array
(
)

GET Data: Array
(
    [device_id] => AE3A.240806.019
    [level] => 1
)

Completed quizzes for device_id=AE3A.240806.019, level=1: Array
(
    [0] => 1
    [1] => 2
    [2] => 3
)

GET Data: Array
(
    [device_id] => AE3A.240806.019
    [level] => 2
)

Completed quizzes for device_id=AE3A.240806.019, level=2: Array
(
)

GET Data: Array
(
    [username] => fian
    [level] => 1
)

GET Data: Array
(
    [username] => fian
    [level] => 2
)

Achievement claimed check for username=fian, level=1: count=0
Achievement claimed check for username=fian, level=2: count=0
GET Data: Array
(
    [device_id] => AE3A.240806.019
    [level] => 4
)

GET Data: Array
(
    [username] => fian
    [level] => 3
)

GET Data: Array
(
    [username] => fian
    [level] => 4
)

Achievement claimed check for username=fian, level=3: count=0
Achievement claimed check for username=fian, level=4: count=0
Completed quizzes for device_id=AE3A.240806.019, level=4: Array
(
)

GET Data: Array
(
    [username] => fian
)

Success: Device ID found for username=fian
Raw POST Data: username=fian&device_id=AE3A.240806.019&level=1&quiz_ids=1%2C2%2C3
POST Data: Array
(
    [username] => fian
    [device_id] => AE3A.240806.019
    [level] => 1
    [quiz_ids] => 1,2,3
)

Received: username=fian, device_id=AE3A.240806.019, level=1, quiz_ids=1,2,3
Check result: count=0
Success: Achievement inserted
GET Data: Array
(
    [username] => fian
)

Success: Device ID found for username=fian
GET Data: Array
(
    [device_id] => AE3A.240806.019
)

Level completion status for device_id=AE3A.240806.019: Array
(
    [level1_completed] => 1
    [level2_completed] => 0
    [level3_completed] => 0
    [level4_completed] => 0
)

GET Data: Array
(
    [device_id] => AE3A.240806.019
    [quiz_id] => 1
)

Level completion status for device_id=AE3A.240806.019: Array
(
    [level1_completed] => 1
    [level2_completed] => 0
    [level3_completed] => 0
    [level4_completed] => 0
)

GET Data: Array
(
    [device_id] => AE3A.240806.019
    [quiz_id] => 1
)

Level completion status for device_id=AE3A.240806.019: Array
(
    [level1_completed] => 1
    [level2_completed] => 0
    [level3_completed] => 0
    [level4_completed] => 0
)

GET Data: Array
(
    [device_id] => AE3A.240806.019
    [quiz_id] => 2
)

Level completion status for device_id=AE3A.240806.019: Array
(
    [level1_completed] => 1
    [level2_completed] => 0
    [level3_completed] => 0
    [level4_completed] => 0
)

GET Data: Array
(
    [device_id] => AE3A.240806.019
    [quiz_id] => 2
)

Level completion status for device_id=AE3A.240806.019: Array
(
    [level1_completed] => 1
    [level2_completed] => 0
    [level3_completed] => 0
    [level4_completed] => 0
)

GET Data: Array
(
    [device_id] => AE3A.240806.019
    [quiz_id] => 3
)

Level completion status for device_id=AE3A.240806.019: Array
(
    [level1_completed] => 1
    [level2_completed] => 0
    [level3_completed] => 0
    [level4_completed] => 0
)

GET Data: Array
(
    [device_id] => AE3A.240806.019
    [quiz_id] => 3
)

Level completion status for device_id=AE3A.240806.019: Array
(
    [level1_completed] => 1
    [level2_completed] => 0
    [level3_completed] => 0
    [level4_completed] => 0
)

GET Data: Array
(
    [username] => fian
)

Success: Device ID found for username=fian
GET Data: Array
(
    [device_id] => AE3A.240806.019
)

Level completion status for device_id=AE3A.240806.019: Array
(
    [level1_completed] => 1
    [level2_completed] => 0
    [level3_completed] => 0
    [level4_completed] => 0
)

GET Data: Array
(
    [username] => fian
)

Success: Device ID found for username=fian
GET Data: Array
(
    [username] => fian
)

GET Data: Array
(
    [username] => fian
)

Success: Device ID found for username=fian

Success: Device ID found for username=fian

Success: Device ID found for username=fian
Success: Device ID found for username=fian
Success: Device ID found for username=fian
GET Data: Array
(
    [username] => fian
)

GET Data: Array
(
    [username] => fian
)

Success: Device ID found for username=fian
GET Data: Array
(
    [username] => fian
    [level] => 3
)

Achievement claimed check for username=fian, level=3: count=0
GET Data: Array
(
    [device_id] => AE3A.240806.019
    [level] => 4
)

Completed quizzes for device_id=AE3A.240806.019, level=4: Array
(
)

GET Data: Array
(
    [username] => fian
    [level] => 1
)

GET Data: ArGET Data: Array
(
    [username] => fian
    [level] => 4
)

Completed quizzes for device_id=AE3A.240806.019, level=3: Array
(
)

Achievement claimed check for username=fian, level=4: count=0
y
(
    [0] => 1
    [1] => 2
    [2] => 3
)

GET Data: Array
(
    [device_id] => AE3A.240806.019
    [level] => 1
)

Completed quizzes for device_id=AE3A.240806.019, level=1: Array
(
    [0] => 1
    [1] => 2
    [2] => 3
)

GET Data: Array
(
    [username] => 
)

Error: Username is required
GET Data: Array
(
    [username] => 
)

GET Data: Array
(
    [username] => 
)

GET Data: Array
(
    [usernError: Username is required
Error: Username is required
GET Data: Array
(
    [username] => 
)

GET Data: Array
(
    [username] => 
)

GET Data: Array
(
    [username] => 
)

Error: Username is required
ame] => 
)

Error: Username is required
Error: Username is required
GET Data: Array
(
    [username] => 
)

Error: Username is required
GET Data: Array
(
    [username] => 
)

Error: Username is required
GET Data: Array
(
    [username] => 
)

Error: Username is required
GET Data: Array
(
    [username] => 
)

Error: Username is required
Error: Username is required
GET Data: Array
(
    [username] => 
)

Error: Username is required
GET Data: Array
(
    [username] => 
)

Error: Username is required
Error: Username is required
GET Data: Array
(
    [username] => 
)

Error: Username is required
GET Data: Array
(
    [username] => 
)

Error: Username is required
GET Data: Array
(
    [username] => 
)

Error: Username is required
GET Data: Array
(
    [username] => 
)

Error: Username is required
GET Data: Array
(
    [username] => 
)

Error: Username is required
GET Data: Array
(
    [username] => 
)

Error: Username is required
GET Data: Array
(
    [username] => 
)

Error: Username is required
GET Data: Array
(
    [username] => 
)

Error: Username is required
GET Data: Array
(
    [device_id] => AE3A.240806.019
    [quiz_id] => 1
)

Level completion status for device_id=AE3A.240806.019: Array
(
    [level1_completed] => 1
    [level2_completed] => 0
    [level3_completed] => 0
    [level4_completed] => 0
)

GET Data: Array
(
    [device_id] => AE3A.240806.019
)

Level completion status for device_id=AE3A.240806.019: Array
(
    [level1_completed] => 1
    [level2_completed] => 0
    [level3_completed] => 0
    [level4_completed] => 0
)

GET Data: Array
(
    [device_id] => AE3A.240806.019
    [level] => 1
)

Completed quizzes for device_id=AE3A.240806.019, level=1: Array
(
    [0] => 1
    [1] => 2
    [2] => 3
)

Raw POST Data: 
POST Data: Array
(
    [username] => fian
    [device_id] => AE3A.240806.019
    [level] => 1
    [quiz_ids] => 1,2,3
)

Received: username=fian, device_id=AE3A.240806.019, level=1, quiz_ids=1,2,3
Check result: count=1
Raw POST Data: 
POST Data: Array
(
    [username] => fian
    [device_id] => AE3A.240806.019
    [level] => 1
    [quiz_ids] => 1,2,3
)

Received: username=fian, device_id=AE3A.240806.019, level=1, quiz_ids=1,2,3
Check result: count=1
GET Data: Array
(
    [username] => fian
    [level] => 1
)

Achievement claimed check for username=fian, level=1: count=1
GET Data: Array
(
    [username] => 
)

Error: Username is required
GET Data: Array
(
    [username] => 
)

GET Data: Array
(
    [username] => 
)

Error: Username is required
ame] => 
)

GET Data: Array
(
    [username] => 
)

Error: Username is required
ame] => 
)

Error: Username is required
Error: Username is required
Error: Username is required
GET Data: Array
(
    [username] => 
)

Error: Username is required
GET Data: Array
(
    [username] => fian
)

Success: Device ID found for username=fian
GET Data: Array
(
    [device_id] => AE3A.240806.019
)

Level completion status for device_id=AE3A.240806.019: Array
(
    [level1_completed] => 1
    [level2_completed] => 0
    [level3_completed] => 0
    [level4_completed] => 0
)

GET Data: Array
(
    [username] => fian
)

Success: Device ID found for username=fian
GET Data: Array
(
    [username] => fian
)

Success: Device ID found for username=fian
GET Data: Array
(
    [username] => fian
)

Success: Device ID found for username=fian
GET Data: Array
(
    [username] => fian
)

Success: Device ID found for username=fian
GET Data: Array
(
    [username] => fian
)

Success: Device ID found for username=fian
GET Data: Array
(
    [username] => fian
)

GET Data: Array
(
    [username] => fian
)

Success: Device ID found for username=fian
Success: Device ID found for username=fian
GET Data: Array
(
    [username] => fian
)

Success: Device ID found for username=fian
GET Data: Array
(
    [device_id] => AE3A.240806.019
    [level] => 1
)

Completed quizzes for device_id=AE3A.240806.019, level=1: Array
(
    [0] => 1
    [1] => 2
    [2] => 3
)

GET Data: Array
(
    [username] => fian
    [level] => 1
)

Achievement claimed check for username=fian, level=1: count=1
GET Data: Array
(
    [device_id] => AE3A.240806.019
    [level] => 2
)

Completed quizzes for device_id=AE3A.240806.019, level=2: Array
(
    [0] => 1
    [1] => 2
    [2] => 3
)

GET Data: Array
(
    [username] => fian
    [level] => 2
)

Achievement claimed check for username=fian, level=2: count=0
GET Data: Array
(
    [device_id] => AE3A.240806.019
    [level] => 3
)

Completed quizzes for device_id=AE3A.240806.019, level=3: Array
(
)

GET Data: Array
(
    [username] => fian
    [level] => 4
)

GET Data: Array
(
    [device_id] => AE3A.240806.019
    [level] => 4
)

Achievement claimed check for username=fian, level=4: count=0
Completed quizzes for device_id=AE3A.240806.019, level=4: Array
(
)

GET Data: Array
(
    [username] => fian
    [level] => 3
)

Achievement claimed check for username=fian, level=3: count=0
GET Data: Array
(
    [username] => 
)

Error: Username is required
GET Data: Array
(
    [username] => 
)

Error: Username is required
GET Data: Array
(
    [username] => 
)

GET Data: Array
(
    [username] => 
)

Error: Username is required
GET Data: Array
(
    [username] => 
)

Error: Username is required
GET Data: Array
(
    [username] => 
)

GET Data: Array
(
    [username] => 
)

Error: Username is required
ame] => 
)

Error: Username is required
Error: Username is required
Raw POST Data: 
POST Data: Array
(
    [username] => fian
    [device_id] => AE3A.240806.019
    [level] => 1
    [quiz_ids] => 1,2,3
)

Received: username=fian, device_id=AE3A.240806.019, level=1, quiz_ids=1,2,3
Check result: count=1
GET Data: Array
(
    [device_id] => AE3A.240806.019
    [quiz_id] => 1
)

Level completion status for device_id=AE3A.240806.019: Array
(
    [level1_completed] => 1
    [level2_completed] => 0
    [level3_completed] => 0
    [level4_completed] => 0
)

GET Data: Array
(
    [device_id] => AE3A.240806.019
    [quiz_id] => 2
)

Level completion status for device_id=AE3A.240806.019: Array
(
    [level1_completed] => 1
    [level2_completed] => 0
    [level3_completed] => 0
    [level4_completed] => 0
)

GET Data: Array
(
    [device_id] => AE3A.240806.019
    [quiz_id] => 1
)

Level completion status for device_id=AE3A.240806.019: Array
(
    [level1_completed] => 1
    [level2_completed] => 0
    [level3_completed] => 0
    [level4_completed] => 0
)

GET Data: Array
(
    [device_id] => AE3A.240806.019
    [quiz_id] => 1
)

Level completion status for device_id=AE3A.240806.019: Array
(
    [level1_completed] => 1
    [level2_completed] => 0
    [level3_completed] => 0
    [level4_completed] => 0
)

GET Data: Array
(
    [device_id] => AE3A.240806.019
    [quiz_id] => 2
)

Level completion status for device_id=AE3A.240806.019: Array
(
    [level1_completed] => 1
    [level2_completed] => 0
    [level3_completed] => 0
    [level4_completed] => 0
)

GET Data: Array
(
    [device_id] => AE3A.240806.019
    [quiz_id] => 2
)

Level completion status for device_id=AE3A.240806.019: Array
(
    [level1_completed] => 1
    [level2_completed] => 0
    [level3_completed] => 0
    [level4_completed] => 0
)

GET Data: Array
(
    [device_id] => AE3A.240806.019
    [quiz_id] => 3
)

Level completion status for device_id=AE3A.240806.019: Array
(
    [level1_completed] => 1
    [level2_completed] => 0
    [level3_completed] => 0
    [level4_completed] => 0
)

GET Data: Array
(
    [device_id] => AE3A.240806.019
    [quiz_id] => 3
)

Level completion status for device_id=AE3A.240806.019: Array
(
    [level1_completed] => 1
    [level2_completed] => 0
    [level3_completed] => 0
    [level4_completed] => 0
)

GET Data: Array
(
    [device_id] => AE3A.240806.019
    [level] => 1
)

Completed quizzes for device_id=AE3A.240806.019, level=1: Array
(
    [0] => 1
    [1] => 2
    [2] => 3
)

GET Data: Array
(
    [device_id] => AE3A.240806.019
    [level] => 2
)

Completed quizzes for device_id=AE3A.240806.019, level=2: Array
(
    [0] => 1
    [1] => 2
    [2] => 3
)

GET Data: Array
(
    [device_id] => AE3A.240806.019
    [level] => 3
)

Completed quizzes for device_id=AE3A.240806.019, level=3: Array
(
)

GET Data: Array
(
    [device_id] => AE3A.240806.019
    [level] => 2
)

Completed quizzes for device_id=AE3A.240806.019, level=2: Array
(
    [0] => 1
    [1] => 2
    [2] => 3
)

GET Data: Array
(
    [username] => 
)

Error: Username is required
GET Data: Array
(
    [username] => 
)

Error: Username is required
GET Data: Array
(
    [username] => 
)

Error: Username is required
GET Data: Array
(
    [username] => 
)

Error: Username is required
GET Data: Array
(
    [username] => 
)

Error: Username is required
GET Data: Array
(
    [username] => 
)

Error: Username is required
GET Data: Array
(
    [username] => 
)

Error: Username is required
GET Data: Array
(
    [username] => 
)

Error: Username is required
GET Data: Array
(
    [device_id] => AE3A.240806.019
    [quiz_id] => 1
)

Level completion status for device_id=AE3A.240806.019: Array
(
    [level1_completed] => 1
    [level2_completed] => 0
    [level3_completed] => 0
    [level4_completed] => 0
)

GET Data: Array
(
    [device_id] => AE3A.240806.019
    [quiz_id] => 1
)

Level completion status for device_id=AE3A.240806.019: Array
(
    [level1_completed] => 1
    [level2_completed] => 0
    [level3_completed] => 0
    [level4_completed] => 0
)

GET Data: Array
(
    [device_id] => AE3A.240806.019
    [quiz_id] => 2
)

Level completion status for device_id=AE3A.240806.019: Array
(
    [level1_completed] => 1
    [level2_completed] => 0
    [level3_completed] => 0
    [level4_completed] => 0
)

GET Data: Array
(
    [device_id] => AE3A.240806.019
    [quiz_id] => 3
)

Level completion status for device_id=AE3A.240806.019: Array
(
    [level1_completed] => 1
    [level2_completed] => 0
    [level3_completed] => 0
    [level4_completed] => 0
)

GET Data: Array
(
    [device_id] => AE3A.240806.019
    [quiz_id] => 2
)

Level completion status for device_id=AE3A.240806.019 and quiz_id=2: Array
(
    [level1_completed] => 1
    [level2_completed] => 1
    [level3_completed] => 0
    [level4_completed] => 0
    [level1_questions] => 21,22,23,24,25
    [level2_questions] => 26,27,28,29,30
    [level3_questions] => 
    [level4_questions] => 
)

GET Data: Array
(
    [device_id] => AE3A.240806.019
)

Level completion status for device_id=AE3A.240806.019 and quiz_id=0: Array
(
    [level1_completed] => 0
    [level2_completed] => 0
    [level3_completed] => 0
    [level4_completed] => 0
    [level1_questions] => 
    [level2_questions] => 
    [level3_questions] => 
    [level4_questions] => 
)

GET Data: Array
(
)

Error: Missing device_id
GET Data: Array
(
    [device_id] => 
    [quiz_id] => 1
)

Error: Missing device_id
GET Data: Array
(
    [device_id] => 
    [quiz_id] => 1
)

Error: Missing device_id
GET Data: Array
(
)

Error: Username is required
GET Data: Array
(
)

Error: Username is required
GET Data: Array
(
    [device_id] => 
    [quiz_id] => 1
)

Error: Missing device_id
GET Data: Array
(
    [device_id] => AE3A.240806.019
)

Error: User not found for device_id=AE3A.240806.019
GET Data: Array
(
    [device_id] => AE3A.240806.019
    [quiz_id] => 1
)

Error: User not found for device_id=AE3A.240806.019
GET Data: Array
(
    [device_id] => AE3A.240806.019
    [quiz_id] => 1
)

Error: User not found for device_id=AE3A.240806.019
GET Data: Array
(
    [device_id] => AE3A.240806.019
    [quiz_id] => 1
)

Level completion status for device_id=AE3A.240806.019 and quiz_id=1: Array
(
    [level1_completed] => 0
    [level2_completed] => 0
    [level3_completed] => 0
    [level4_completed] => 0
    [level1_questions] => 
    [level2_questions] => 
    [level3_questions] => 
    [level4_questions] => 
)

GET Data: Array
(
    [device_id] => AE3A.240806.019
    [quiz_id] => 1
)

Level completion status for device_id=AE3A.240806.019 and quiz_id=1: Array
(
    [level1_completed] => 1
    [level2_completed] => 0
    [level3_completed] => 0
    [level4_completed] => 0
    [level1_questions] => 1,2,3,4,5
    [level2_questions] => 
    [level3_questions] => 
    [level4_questions] => 
)

GET Data: Array
(
    [device_id] => AE3A.240806.019
    [quiz_id] => 2
)

Level completion status for device_id=AE3A.240806.019 and quiz_id=2: Array
(
    [level1_completed] => 0
    [level2_completed] => 0
    [level3_completed] => 0
    [level4_completed] => 0
    [level1_questions] => 
    [level2_questions] => 
    [level3_questions] => 
    [level4_questions] => 
)

GET Data: Array
(
    [device_id] => AE3A.240806.019
    [quiz_id] => 2
)

Level completion status for device_id=AE3A.240806.019 and quiz_id=2: Array
(
    [level1_completed] => 1
    [level2_completed] => 0
    [level3_completed] => 0
    [level4_completed] => 0
    [level1_questions] => 21,22,23,24,25
    [level2_questions] => 
    [level3_questions] => 
    [level4_questions] => 
)

GET Data: Array
(
    [device_id] => AE3A.240806.019
    [quiz_id] => 3
)

Level completion status for device_id=AE3A.240806.019 and quiz_id=3: Array
(
    [level1_completed] => 0
    [level2_completed] => 0
    [level3_completed] => 0
    [level4_completed] => 0
    [level1_questions] => 
    [level2_questions] => 
    [level3_questions] => 
    [level4_questions] => 
)

GET Data: Array
(
    [device_id] => AE3A.240806.019
    [quiz_id] => 3
)

Level completion status for device_id=AE3A.240806.019 and quiz_id=3: Array
(
    [level1_completed] => 1
    [level2_completed] => 0
    [level3_completed] => 0
    [level4_completed] => 0
    [level1_questions] => 41,42,43,44,45
    [level2_questions] => 
    [level3_questions] => 
    [level4_questions] => 
)

GET Data: Array
(
    [username] => user123
)

Error: User not found for username=user123
GET Data: Array
(
    [username] => user123
)

GET Data: Array
(
    [username] => user123
)

Error: User not found for username=user123
Error: User not found for username=user123
GET Data: Array
(
    [username] => user123
)

Error: User not found for username=user123
GET Data: Array
(
    [device_id] => AE3A.240806.019
)

Level completion status for device_id=AE3A.240806.019 and quiz_id=0: Array
(
    [level1_completed] => 0
    [level2_completed] => 0
    [level3_completed] => 0
    [level4_completed] => 0
    [level1_questions] => 
    [level2_questions] => 
    [level3_questions] => 
    [level4_questions] => 
)

GET Data: Array
(
    [device_id] => AE3A.240806.019
)

Level completion status for device_id=AE3A.240806.019 and quiz_id=0: Array
(
    [level1_completed] => 0
    [level2_completed] => 0
    [level3_completed] => 0
    [level4_completed] => 0
    [level1_questions] => 0
    [level2_questions] => 0
    [level3_questions] => 0
    [level4_questions] => 0
)

GET Data: Array
(
    [device_id] => AE3A.240806.019
)

Level completion status for device_id=AE3A.240806.019 and quiz_id=0: Array
(
    [status] => success
    [username] => fian
    [level1_completed] => 0
    [level2_completed] => 0
    [level3_completed] => 0
    [level4_completed] => 0
)

Raw POST Data: 
POST Data: Array
(
    [username] => fian
    [device_id] => AE3A.240806.019
    [level] => 1
    [quiz_ids] => 1,2,3
)

Received: username=fian, device_id=AE3A.240806.019, level=1, quiz_ids=1,2,3
Check result: count=1
GET Data: Array
(
    [device_id] => AE3A.240806.019
)

Level completion status for device_id=AE3A.240806.019: Array
(
    [level1_completed] => 1
    [level2_completed] => 0
    [level3_completed] => 0
    [level4_completed] => 0
)

GET Data: Array
(
    [device_id] => AE3A.240806.019
)

Level completion status for device_id=AE3A.240806.019: Array
(
    [level1_completed] => 1
    [level2_completed] => 0
    [level3_completed] => 0
    [level4_completed] => 0
)

GET Data: Array
(
    [device_id] => AE3A.240806.019
    [level] => 2
)

Completed quizzes for device_id=AE3A.240806.019, level=2: Array
(
    [0] => 1
    [1] => 2
    [2] => 3
)

GET Data: Array
(
    [device_id] => AE3A.240806.019
    [level] => 3
)

Completed quizzes for device_id=AE3A.240806.019, level=3: Array
(
)

GET Data: Array
(
    [device_id] => AE3A.240806.019
    [level] => 1
)

Completed quizzes for device_id=AE3A.240806.019, level=1: Array
(
    [0] => 1
    [1] => 2
    [2] => 3
)

GET Data: Array
(
    [device_id] => AE3A.240806.019
    [level] => 2
)

Completed quizzes for device_id=AE3A.240806.019, level=2: Array
(
    [0] => 1
    [1] => 2
    [2] => 3
)

Raw POST Data: 
POST Data: Array
(
    [username] => fian
    [device_id] => AE3A.240806.019
    [level] => 1
    [quiz_ids] => 1,2,3
)

Received: username=fian, device_id=AE3A.240806.019, level=1, quiz_ids=1,2,3
Check result: count=1
GET Data: Array
(
    [username] => fian
    [level] => 1
)

Achievement claimed check for username=fian, level=1: count=1
GET Data: Array
(
    [device_id] => AE3A.240806.019
)

Level completion status for device_id=AE3A.240806.019: Array
(
    [level1_completed] => 1
    [level2_completed] => 0
    [level3_completed] => 0
    [level4_completed] => 0
)

GET Data: Array
(
    [username] => fian
)

Success: Device ID found for username=fian
GET Data: Array
(
    [device_id] => AE3A.240806.019
)

Level completion status for device_id=AE3A.240806.019: Array
(
    [level1_completed] => 1
    [level2_completed] => 0
    [level3_completed] => 0
    [level4_completed] => 0
)

GET Data: Array
(
    [username] => fian
)

Success: Device ID found for username=fian
GET Data: Array
(
    [username] => fian
)

Success: Device ID found for username=fian
GET Data: Array
(
    [username] => fian
)

Success: Device ID found for username=fian
GET Data: Array
(
    [username] => fian
)

Success: Device ID found for username=fian
GET Data: Array
(
    [username] => fian
)

Success: Device ID found for username=fian
GET Data: Array
(
    [username] => fian
)

Success: Device ID found for username=fian
GET Data: Array
(
    [username] => fian
)

Success: Device ID found for username=fian
GET Data: Array
(
    [username] => fian
)

Success: Device ID found for username=fian
GET Data: Array
(
    [device_id] => AE3A.240806.019
    [level] => 1
)

Completed quizzes for device_id=AE3A.240806.019, level=1: Array
(
    [0] => 1
    [1] => 2
    [2] => 3
)

GET Data: Array
(
    [device_id] => AE3A.240806.019
    [level] => 2
)

Completed quizzes for device_id=AE3A.240806.019, level=2: Array
(
    [0] => 1
    [1] => 2
    [2] => 3
)

GET Data: Array
(
    [username] => fian
    [level] => 1
)

Achievement claimed check for username=fian, level=1: count=1
GET Data: Array
(
    [username] => fian
    [level] => 2
)

Achievement claimed check for username=fian, level=2: count=0
GET Data: Array
(
    [device_id] => AE3A.240806.019
    [level] => 3
)

Completed quizzes for device_id=AE3A.240806.019, level=3: Array
(
)

GET Data: Array
(
    [device_id] => AE3A.240806.019
    [level] => 4
)

Completed quizzes for device_id=AE3A.240806.019, level=4: Array
(
)

GET Data: Array
(
    [username] => fian
    [level] => 4
)

Achievement claimed check for username=fian, level=4: count=0
GET Data: Array
(
    [username] => fian
    [level] => 3
)

Achievement claimed check for username=fian, level=3: count=0
GET Data: Array
(
    [device_id] => AE3A.240806.019
)

Level completion status for device_id=AE3A.240806.019: Array
(
    [level1_completed] => 1
    [level2_completed] => 0
    [level3_completed] => 0
    [level4_completed] => 0
)

GET Data: Array
(
    [device_id] => AE3A.240806.019
    [level] => 1
)

Completed quizzes for device_id=AE3A.240806.019, level=1: Array
(
    [0] => 1
    [1] => 2
    [2] => 3
)

GET Data: Array
(
    [device_id] => AE3A.240806.019
    [level] => 2
)

Completed quizzes for device_id=AE3A.240806.019, level=2: Array
(
    [0] => 1
    [1] => 2
    [2] => 3
)

Raw POST Data: 
POST Data: Array
(
    [username] => fian
    [device_id] => AE3A.240806.019
    [level] => 1
    [quiz_ids] => 1,2,3
)

Received: username=fian, device_id=AE3A.240806.019, level=1, quiz_ids=1,2,3
Check result: count=1
GET Data: Array
(
    [username] => 
)

GET Data: Array
(
    [username] => 
)

GET Data: Array
(
    [usernError: Username is required
Error: Username is required
GET Data: Array
(
    [username] => 
)

Error: Username is required
GET Data: Array
(
    [device_id] => AE3A.240806.019
    [quiz_id] => 1
)

Error: User not found for device_id=AE3A.240806.019
GET Data: Array
(
    [device_id] => AE3A.240806.019
    [quiz_id] => 1
)

Level completion status for device_id=AE3A.240806.019: Array
(
    [level1_completed] => 0
    [level2_completed] => 0
    [level3_completed] => 0
    [level4_completed] => 0
)

GET Data: Array
(
    [device_id] => AE3A.240806.019
    [quiz_id] => 1
)

Level completion status for device_id=AE3A.240806.019: Array
(
    [level1_completed] => 0
    [level2_completed] => 0
    [level3_completed] => 0
    [level4_completed] => 0
)

GET Data: Array
(
    [device_id] => AE3A.240806.019
    [quiz_id] => 2
)

Level completion status for device_id=AE3A.240806.019: Array
(
    [level1_completed] => 0
    [level2_completed] => 0
    [level3_completed] => 0
    [level4_completed] => 0
)

GET Data: Array
(
    [device_id] => AE3A.240806.019
    [quiz_id] => 2
)

Level completion status for device_id=AE3A.240806.019: Array
(
    [level1_completed] => 0
    [level2_completed] => 0
    [level3_completed] => 0
    [level4_completed] => 0
)

GET Data: Array
(
    [device_id] => AE3A.240806.019
    [quiz_id] => 3
)

Level completion status for device_id=AE3A.240806.019: Array
(
    [level1_completed] => 0
    [level2_completed] => 0
    [level3_completed] => 0
    [level4_completed] => 0
)

GET Data: Array
(
    [device_id] => AE3A.240806.019
    [quiz_id] => 3
)

Level completion status for device_id=AE3A.240806.019: Array
(
    [level1_completed] => 0
    [level2_completed] => 0
    [level3_completed] => 0
    [level4_completed] => 0
)

GET Data: Array
(
    [device_id] => AE3A.240806.019
    [quiz_id] => 3
)

Level completion status for device_id=AE3A.240806.019: Array
(
    [level1_completed] => 0
    [level2_completed] => 0
    [level3_completed] => 0
    [level4_completed] => 0
)

GET Data: Array
(
    [device_id] => AE3A.240806.019
    [quiz_id] => 2
)

Level completion status for device_id=AE3A.240806.019: Array
(
    [level1_completed] => 0
    [level2_completed] => 0
    [level3_completed] => 0
    [level4_completed] => 0
)

GET Data: Array
(
    [device_id] => AE3A.240806.019
    [quiz_id] => 1
)

Level completion status for device_id=AE3A.240806.019: Array
(
    [level1_completed] => 0
    [level2_completed] => 0
    [level3_completed] => 0
    [level4_completed] => 0
)

GET Data: Array
(
    [username] => 
)

Error: Username is required
GET Data: Array
(
    [username] => 
)

Error: Username is required
GET Data: Array
(
    [username] => 
)

Error: Username is required
GET Data: Array
(
    [username] => 
)

Error: Username is required
GET Data: Array
(
    [username] => 
)

Error: Username is required
GET Data: Array
(
    [username] => 
)

Error: Username is required
GET Data: Array
(
    [username] => 
)

Error: Username is required
GET Data: Array
(
    [username] => 
)

Error: Username is required
GET Data: Array
(
    [username] => 
)

Error: Username is required
GET Data: Array
(
    [username] => 
)

Error: Username is required
GET Data: Array
(
    [username] => 
)

Error: Username is required
GET Data: Array
(
    [username] => 
)

Error: Username is required
GET Data: Array
(
    [username] => 
)

Error: Username is required
GET Data: Array
(
    [username] => 
)

Error: Username is required
GET Data: Array
(
    [username] => 
)

Error: Username is required
GET Data: Array
(
    [username] => 
)

Error: Username is required
GET Data: Array
(
    [username] => 
)

Error: Username is required
GET Data: Array
(
    [username] => 
)

Error: Username is required
GET Data: Array
(
    [username] => 
)

GET Data: Array
(
    [username] => 
)

Error: Username is required
Error: Username is required
GET Data: Array
(
    [username] => 
)

Error: Username is required
GET Data: Array
(
    [username] => 
)

GET Data: Array
(
    [username] => 
)

Error: Username is required
Error: Username is required
Error: Username is required
GET Data: Array
(
    [username] => 
)

Error: Username is required
GET Data: Array
(
    [username] => 
)

Error: Username is required
GET Data: Array
(
    [username] => 
)

GET Data: Array
(
    [usernGET Data: Array
(
    [username] => 
)

Error: Username is required
Error: Username is required
Error: Username is required
GET Data: Array
(
    [username] => 
)

GET Data: Array
(
    [username] => 
)

Error: Username is required
Error: Username is required
GET Data: Array
(
    [username] => 
    [level] => 1
)

Error: Missing required fields (username=, level=1)
GET Data: Array
(
    [username] => 
    [level] => 3
)

GET Data: Array
(
    [username] => 
    [level] => 2
)

GET Data: Array
(
    [username] => 
    [level] => 4
)

Error: Missing required fields (username=, level=2)
Error: Missing required fields (username=, level=4)
GET Data: Array
(
    [username] => 
    [level] => 3
)

Error: Missing required fields (username=, level=3)
GET Data: Array
(
    [username] => 
    [level] => 4
)

GET Data: Array
(
    [username] => 
    [level] => 1
)

GET Data: Array
(
    [username] => 
    [level] => 2
)

Error: Missing required fields (username=, level=4)
Error: Missing required fields (username=, level=1)
Error: Missing required fields (username=, level=2)
Raw POST Data: 
POST Data: Array
(
    [username] => fian
    [device_id] => AE3A.240806.019
    [level] => 1
    [quiz_ids] => 1,2,3
)

Received: username=fian, device_id=AE3A.240806.019, level=1, quiz_ids=1,2,3
Check result: count=1
Raw POST Data: 
POST Data: Array
(
    [username] => fian
    [device_id] => AE3A.240806.019
    [level] => 1
    [quiz_ids] => 1,2,3
)

Received: username=fian, device_id=AE3A.240806.019, level=1, quiz_ids=1,2,3
Check result: count=1
GET Data: Array
(
    [device_id] => AE3A.240806.019
    [level] => 2
)

Completed quizzes for device_id=AE3A.240806.019, level=2: Array
(
    [0] => 1
    [1] => 2
    [2] => 3
)

GET Data: Array
(
    [device_id] => AE3A.240806.019
    [level] => 3
)

Completed quizzes for device_id=AE3A.240806.019, level=3: Array
(
)

GET Data: Array
(
    [device_id] => AE3A.240806.019
    [level] => 1
)

Completed quizzes for device_id=AE3A.240806.019, level=1: Array
(
    [0] => 2
    [1] => 3
)

Raw POST Data: 
POST Data: Array
(
    [username] => fian
    [device_id] => AE3A.240806.019
    [level] => 1
    [quiz_ids] => 1,2,3
)

Received: username=fian, device_id=AE3A.240806.019, level=1, quiz_ids=1,2,3
Check result: count=1
Raw POST Data: 
POST Data: Array
(
    [username] => fian
    [device_id] => AE3A.240806.019
    [level] => 1
    [quiz_ids] => 1,2,3,4,5
)

Received: username=fian, device_id=AE3A.240806.019, level=1, quiz_ids=1,2,3,4,5
Check result: count=1
Raw POST Data: 
POST Data: Array
(
    [username] => fian
    [device_id] => AE3A.240806.019
    [level] => 1
    [quiz_ids] => 1,2,3
)

Received: username=fian, device_id=AE3A.240806.019, level=1, quiz_ids=1,2,3
Check result: count=1
